<?xml version="1.0" encoding="UTF-8"?>
<testsuite xmlns:xsi="http://www.w3.org/2001/XMLSchema-instance" xsi:noNamespaceSchemaLocation="https://maven.apache.org/surefire/maven-surefire-plugin/xsd/surefire-test-report.xsd" name="UnitTests" time="0.041" tests="4" errors="0" skipped="0" failures="0">
  <properties>
[...]
</properties>
  <testcase name="ShouldReturnSevenPercentInterest" classname="tests.UnitTests" time="0.001"/>
  <testcase name="ShouldReturnThreePercentInterest" classname="tests.UnitTests" time="0"/>
  <testcase name="ShouldReturnFivePercentInterest" classname="tests.UnitTests" time="0"/>
  <testcase name="thisWillBeRenamedByTheAnnotation" classname="tests.UnitTests" time="0.035"/>
</testsuite>